Build started 3/27/2012 5:02:52 PM.
     1>Project "C:\Users\Amir\Documents\Visual Studio 2010\Projects\Triple_1.0left\Triple.vcxproj" on node 2 (build target(s)).
     1>InitializeBuildStatus:
         Creating "Debug\Triple.unsuccessfulbuild" because "AlwaysCreate" was specified.
       ClCompile:
         c:\Program Files (x86)\Microsoft Visual Studio 10.0\VC\bin\CL.exe /c /Zi /nologo /W3 /WX- /Od /Oy- /D WIN32 /D _DEBUG /D _CONSOLE /Gm /EHsc /RTC1 /MDd /GS /fp:precise /Zc:wchar_t /Zc:forScope /Fo"Debug\\" /Fd"Debug\vc100.pdb" /Gd /TP /analyze- /errorReport:prompt ncrna.cpp
         ncrna.cpp
       ManifestResourceCompile:
         All outputs are up-to-date.
       Link:
         c:\Program Files (x86)\Microsoft Visual Studio 10.0\VC\bin\link.exe /ERRORREPORT:PROMPT /OUT:"C:\Users\Amir\Documents\Visual Studio 2010\Projects\Triple_1.0left\Debug\Triple.exe" /INCREMENTAL /NOLOGO kernel32.lib user32.lib gdi32.lib winspool.lib comdlg32.lib advapi32.lib shell32.lib ole32.lib oleaut32.lib uuid.lib odbc32.lib odbccp32.lib /MANIFEST /ManifestFile:"Debug\Triple.exe.intermediate.manifest" /MANIFESTUAC:"level='asInvoker' uiAccess='false'" /DEBUG /PDB:"C:\Users\Amir\Documents\Visual Studio 2010\Projects\Triple_1.0left\Debug\Triple.pdb" /SUBSYSTEM:CONSOLE /TLBID:1 /DYNAMICBASE /NXCOMPAT /IMPLIB:"C:\Users\Amir\Documents\Visual Studio 2010\Projects\Triple_1.0left\Debug\Triple.lib" /MACHINE:X86 Debug\Triple.exe.embed.manifest.res
         Debug\entropy.obj
         Debug\fasta.obj
         Debug\insideoutside.obj
         Debug\ncrna.obj
         Debug\readgrammar.obj
         Debug\scanner.obj
         Debug\scidouble.obj
       Manifest:
         C:\Program Files (x86)\Microsoft SDKs\Windows\v7.0A\bin\mt.exe /nologo /verbose /out:"Debug\Triple.exe.embed.manifest" /manifest Debug\Triple.exe.intermediate.manifest
         All outputs are up-to-date.
       LinkEmbedManifest:
         All outputs are up-to-date.
         Triple.vcxproj -> C:\Users\Amir\Documents\Visual Studio 2010\Projects\Triple_1.0left\Debug\Triple.exe
       FinalizeBuildStatus:
         Deleting file "Debug\Triple.unsuccessfulbuild".
         Touching "Debug\Triple.lastbuildstate".
     1>Done Building Project "C:\Users\Amir\Documents\Visual Studio 2010\Projects\Triple_1.0left\Triple.vcxproj" (build target(s)).

Build succeeded.

Time Elapsed 00:00:02.50
