C:\Users\Amir\Documents\Visual Studio 2010\Projects\Triple_1.0left\Debug\cl.command.1.tlog
C:\Users\Amir\Documents\Visual Studio 2010\Projects\Triple_1.0left\Debug\CL.read.1.tlog
C:\Users\Amir\Documents\Visual Studio 2010\Projects\Triple_1.0left\Debug\CL.write.1.tlog
C:\USERS\AMIR\DOCUMENTS\VISUAL STUDIO 2010\PROJECTS\TRIPLE_1.0LEFT\DEBUG\ENTROPY.OBJ
C:\USERS\AMIR\DOCUMENTS\VISUAL STUDIO 2010\PROJECTS\TRIPLE_1.0LEFT\DEBUG\FASTA.OBJ
C:\USERS\AMIR\DOCUMENTS\VISUAL STUDIO 2010\PROJECTS\TRIPLE_1.0LEFT\DEBUG\INSIDEOUTSIDE.OBJ
C:\Users\Amir\Documents\Visual Studio 2010\Projects\Triple_1.0left\Debug\link.4784.read.1.tlog
C:\Users\Amir\Documents\Visual Studio 2010\Projects\Triple_1.0left\Debug\link.4784.write.1.tlog
C:\Users\Amir\Documents\Visual Studio 2010\Projects\Triple_1.0left\Debug\link.4784-cvtres.read.1.tlog
C:\Users\Amir\Documents\Visual Studio 2010\Projects\Triple_1.0left\Debug\link.4784-cvtres.write.1.tlog
C:\Users\Amir\Documents\Visual Studio 2010\Projects\Triple_1.0left\Debug\link.6396.read.1.tlog
C:\Users\Amir\Documents\Visual Studio 2010\Projects\Triple_1.0left\Debug\link.6396.write.1.tlog
C:\Users\Amir\Documents\Visual Studio 2010\Projects\Triple_1.0left\Debug\link.6396-cvtres.read.1.tlog
C:\Users\Amir\Documents\Visual Studio 2010\Projects\Triple_1.0left\Debug\link.6396-cvtres.write.1.tlog
C:\Users\Amir\Documents\Visual Studio 2010\Projects\Triple_1.0left\Debug\link.command.1.tlog
C:\Users\Amir\Documents\Visual Studio 2010\Projects\Triple_1.0left\Debug\link.read.1.tlog
C:\Users\Amir\Documents\Visual Studio 2010\Projects\Triple_1.0left\Debug\link.write.1.tlog
C:\Users\Amir\Documents\Visual Studio 2010\Projects\Triple_1.0left\Debug\link-cvtres.read.1.tlog
C:\Users\Amir\Documents\Visual Studio 2010\Projects\Triple_1.0left\Debug\link-cvtres.write.1.tlog
C:\Users\Amir\Documents\Visual Studio 2010\Projects\Triple_1.0left\Debug\mt.command.1.tlog
C:\Users\Amir\Documents\Visual Studio 2010\Projects\Triple_1.0left\Debug\mt.read.1.tlog
C:\Users\Amir\Documents\Visual Studio 2010\Projects\Triple_1.0left\Debug\mt.write.1.tlog
C:\USERS\AMIR\DOCUMENTS\VISUAL STUDIO 2010\PROJECTS\TRIPLE_1.0LEFT\DEBUG\NCRNA.OBJ
C:\Users\Amir\Documents\Visual Studio 2010\Projects\Triple_1.0left\Debug\rc.command.1.tlog
C:\Users\Amir\Documents\Visual Studio 2010\Projects\Triple_1.0left\Debug\rc.read.1.tlog
C:\Users\Amir\Documents\Visual Studio 2010\Projects\Triple_1.0left\Debug\rc.write.1.tlog
C:\USERS\AMIR\DOCUMENTS\VISUAL STUDIO 2010\PROJECTS\TRIPLE_1.0LEFT\DEBUG\READGRAMMAR.OBJ
C:\USERS\AMIR\DOCUMENTS\VISUAL STUDIO 2010\PROJECTS\TRIPLE_1.0LEFT\DEBUG\SCANNER.OBJ
C:\USERS\AMIR\DOCUMENTS\VISUAL STUDIO 2010\PROJECTS\TRIPLE_1.0LEFT\DEBUG\SCIDOUBLE.OBJ
C:\USERS\AMIR\DOCUMENTS\VISUAL STUDIO 2010\PROJECTS\TRIPLE_1.0LEFT\DEBUG\TRIPLE.EXE
C:\Users\Amir\Documents\Visual Studio 2010\Projects\Triple_1.0left\Debug\Triple.exe.embed.manifest
C:\USERS\AMIR\DOCUMENTS\VISUAL STUDIO 2010\PROJECTS\TRIPLE_1.0LEFT\DEBUG\TRIPLE.EXE.EMBED.MANIFEST.RES
C:\USERS\AMIR\DOCUMENTS\VISUAL STUDIO 2010\PROJECTS\TRIPLE_1.0LEFT\DEBUG\TRIPLE.EXE.INTERMEDIATE.MANIFEST
C:\USERS\AMIR\DOCUMENTS\VISUAL STUDIO 2010\PROJECTS\TRIPLE_1.0LEFT\DEBUG\TRIPLE.ILK
C:\USERS\AMIR\DOCUMENTS\VISUAL STUDIO 2010\PROJECTS\TRIPLE_1.0LEFT\DEBUG\TRIPLE.PDB
C:\Users\Amir\Documents\Visual Studio 2010\Projects\Triple_1.0left\Debug\Triple_manifest.rc
C:\Users\Amir\Documents\Visual Studio 2010\Projects\Triple_1.0left\Debug\vc100.idb
C:\USERS\AMIR\DOCUMENTS\VISUAL STUDIO 2010\PROJECTS\TRIPLE_1.0LEFT\DEBUG\VC100.PDB
C:\USERS\AMIR\DOCUMENTS\VISUAL STUDIO 2010\PROJECTS\TRIPLE_FINAL\DEBUG\ENTROPY.OBJ
C:\USERS\AMIR\DOCUMENTS\VISUAL STUDIO 2010\PROJECTS\TRIPLE_FINAL\DEBUG\FASTA.OBJ
C:\USERS\AMIR\DOCUMENTS\VISUAL STUDIO 2010\PROJECTS\TRIPLE_FINAL\DEBUG\INSIDEOUTSIDE.OBJ
C:\USERS\AMIR\DOCUMENTS\VISUAL STUDIO 2010\PROJECTS\TRIPLE_FINAL\DEBUG\NCRNA.OBJ
C:\USERS\AMIR\DOCUMENTS\VISUAL STUDIO 2010\PROJECTS\TRIPLE_FINAL\DEBUG\READGRAMMAR.OBJ
C:\USERS\AMIR\DOCUMENTS\VISUAL STUDIO 2010\PROJECTS\TRIPLE_FINAL\DEBUG\SCANNER.OBJ
C:\USERS\AMIR\DOCUMENTS\VISUAL STUDIO 2010\PROJECTS\TRIPLE_FINAL\DEBUG\SCIDOUBLE.OBJ
C:\USERS\AMIR\DOCUMENTS\VISUAL STUDIO 2010\PROJECTS\TRIPLE_FINAL\DEBUG\TRIPLE.EXE
C:\USERS\AMIR\DOCUMENTS\VISUAL STUDIO 2010\PROJECTS\TRIPLE_FINAL\DEBUG\TRIPLE.EXE.EMBED.MANIFEST
C:\USERS\AMIR\DOCUMENTS\VISUAL STUDIO 2010\PROJECTS\TRIPLE_FINAL\DEBUG\TRIPLE.EXE.EMBED.MANIFEST.RES
C:\USERS\AMIR\DOCUMENTS\VISUAL STUDIO 2010\PROJECTS\TRIPLE_FINAL\DEBUG\TRIPLE.EXE.INTERMEDIATE.MANIFEST
C:\USERS\AMIR\DOCUMENTS\VISUAL STUDIO 2010\PROJECTS\TRIPLE_FINAL\DEBUG\TRIPLE.ILK
C:\USERS\AMIR\DOCUMENTS\VISUAL STUDIO 2010\PROJECTS\TRIPLE_FINAL\DEBUG\TRIPLE.PDB
C:\USERS\AMIR\DOCUMENTS\VISUAL STUDIO 2010\PROJECTS\TRIPLE_FINAL\DEBUG\VC100.PDB
