276860
254038
255495
255544
254684
254001
255755
273460
299928
299772
299655
287913
285652
286099
285986
287660
275646
262876
272611
272969
286394
281604
273314
270580
274014
272520
270192
270775
273923
278988
271924
278166
280223
275215
272541
264752
269632
276883
275258
275465
276150
281737
274649
265740
273452
257737
246151
254208
259618
255201
251198
263398
258763
262755
267139
275040
266466
247420
239702
232946
243973
245832
257048
271431
270839
271753
272667
252569
250650
247387
241218
238996
252462
244498
242757
249396
245516
242435
245169
249547
249547
247610
246854
249048
249821
249488
255011
256029
243478
242418
250163
250163
251891
250505
252596
257747
262671
267297
266967
263421
262556
273397
275943
279466
283598
283598
285410
270214
256710
254094
260023
258064
259263
267783
267132
265388
269751
277553
278415
272468
276350
273186
271789
264941
264915
264451
270321
272187
273471
276424
275042
273371
271987
267314
261913
259014
259014
261736
259219
259701
253263
262438
265970
268317
247731
245394
245895
245887
236478
244794
257886
248833
242107
249467
259936
266345
266272
275953
244937
249169
249689
252642
257567
260940
263187
263996
263295
261543
246579
252567
245547
245868
237151
234569
222093
238738
233961
235592
233192
241575
253500
253147
255462
237297
242914
245083
247993
255601
264908
257513
248942
253592
262388
264070
266473
253250
249027
272608
265611
266589
268756
268958
272488
280744
279420
265237
259673
262651
249732
260450
252933
244792
252083
252366
245469
248365
254432
265402
258662
252841
243771
242341
243814
237471
245191
245169
251708
260698
265934
280039
259745
246161
273833
257242
265783
266060
263334
260237
260899
262966
262113
261405
265852
249559
257470
264268
263447
261757
264264
281766
281498
285598
289021
262407
274112
268968
263753
250759
256061
259111
261293
265696
262838
263536
249585
268031
245298
243582
247023
250380
254575
269184
265780
267590
255413
265010
265532
287132
290259
295687
293688
291837
272455
264458
261198
264593
267276
269192
266371
261794
267768
272073
272682
282260
281512
273710
277148
272458
277322
274110
270355
250597
248493
248493
247125
246923
245228
237715
240315
245020
245524
246441
239423
240298
241872
251676
250273
251510
261527
254579
258555
258712
260723
255651
256185
258067
262411
266908
257979
251402
247447
256454
249021
247056
246421
246421
246768
246697
237583
238002
231697
229061
222141
239648
239926
244418
267829
258015
255951
274600
286056
274839
267280
266651
263964
259429
261786
264819
261704
260993
257965
258333
261116
269396
260368
259958
248463
233580
223432
223853
239039
276389
268235
269303
290572
287444
289145
289277
284663
277951
279459
280663
286651
289281
287267
285838
272121
267982
265014
262784
261808
262224
262922
263695
253297
230303
228099
255302
258061
253338
251153
237489
