C:\Users\Amir\Documents\Visual Studio 2010\Projects\Triple_final\Debug\cl.command.1.tlog
C:\Users\Amir\Documents\Visual Studio 2010\Projects\Triple_final\Debug\CL.read.1.tlog
C:\Users\Amir\Documents\Visual Studio 2010\Projects\Triple_final\Debug\CL.write.1.tlog
C:\USERS\AMIR\DOCUMENTS\VISUAL STUDIO 2010\PROJECTS\TRIPLE_FINAL\DEBUG\ENTROPY.OBJ
C:\USERS\AMIR\DOCUMENTS\VISUAL STUDIO 2010\PROJECTS\TRIPLE_FINAL\DEBUG\FASTA.OBJ
C:\USERS\AMIR\DOCUMENTS\VISUAL STUDIO 2010\PROJECTS\TRIPLE_FINAL\DEBUG\INSIDEOUTSIDE.OBJ
C:\Users\Amir\Documents\Visual Studio 2010\Projects\Triple_final\Debug\link.4336.read.1.tlog
C:\Users\Amir\Documents\Visual Studio 2010\Projects\Triple_final\Debug\link.4336.write.1.tlog
C:\Users\Amir\Documents\Visual Studio 2010\Projects\Triple_final\Debug\link.4336-cvtres.read.1.tlog
C:\Users\Amir\Documents\Visual Studio 2010\Projects\Triple_final\Debug\link.4336-cvtres.write.1.tlog
C:\Users\Amir\Documents\Visual Studio 2010\Projects\Triple_final\Debug\link.command.1.tlog
C:\Users\Amir\Documents\Visual Studio 2010\Projects\Triple_final\Debug\link.read.1.tlog
C:\Users\Amir\Documents\Visual Studio 2010\Projects\Triple_final\Debug\link.write.1.tlog
C:\Users\Amir\Documents\Visual Studio 2010\Projects\Triple_final\Debug\link-cvtres.read.1.tlog
C:\Users\Amir\Documents\Visual Studio 2010\Projects\Triple_final\Debug\link-cvtres.write.1.tlog
C:\Users\Amir\Documents\Visual Studio 2010\Projects\Triple_final\Debug\mt.command.1.tlog
C:\Users\Amir\Documents\Visual Studio 2010\Projects\Triple_final\Debug\mt.read.1.tlog
C:\Users\Amir\Documents\Visual Studio 2010\Projects\Triple_final\Debug\mt.write.1.tlog
C:\USERS\AMIR\DOCUMENTS\VISUAL STUDIO 2010\PROJECTS\TRIPLE_FINAL\DEBUG\NCRNA.OBJ
C:\Users\Amir\Documents\Visual Studio 2010\Projects\Triple_final\Debug\rc.command.1.tlog
C:\Users\Amir\Documents\Visual Studio 2010\Projects\Triple_final\Debug\rc.read.1.tlog
C:\Users\Amir\Documents\Visual Studio 2010\Projects\Triple_final\Debug\rc.write.1.tlog
C:\USERS\AMIR\DOCUMENTS\VISUAL STUDIO 2010\PROJECTS\TRIPLE_FINAL\DEBUG\READGRAMMAR.OBJ
C:\USERS\AMIR\DOCUMENTS\VISUAL STUDIO 2010\PROJECTS\TRIPLE_FINAL\DEBUG\SCANNER.OBJ
C:\USERS\AMIR\DOCUMENTS\VISUAL STUDIO 2010\PROJECTS\TRIPLE_FINAL\DEBUG\SCIDOUBLE.OBJ
C:\USERS\AMIR\DOCUMENTS\VISUAL STUDIO 2010\PROJECTS\TRIPLE_FINAL\DEBUG\TRIPLE.EXE
C:\USERS\AMIR\DOCUMENTS\VISUAL STUDIO 2010\PROJECTS\TRIPLE_FINAL\DEBUG\TRIPLE.EXE.EMBED.MANIFEST
C:\USERS\AMIR\DOCUMENTS\VISUAL STUDIO 2010\PROJECTS\TRIPLE_FINAL\DEBUG\TRIPLE.EXE.EMBED.MANIFEST.RES
C:\USERS\AMIR\DOCUMENTS\VISUAL STUDIO 2010\PROJECTS\TRIPLE_FINAL\DEBUG\TRIPLE.EXE.INTERMEDIATE.MANIFEST
C:\USERS\AMIR\DOCUMENTS\VISUAL STUDIO 2010\PROJECTS\TRIPLE_FINAL\DEBUG\TRIPLE.ILK
C:\USERS\AMIR\DOCUMENTS\VISUAL STUDIO 2010\PROJECTS\TRIPLE_FINAL\DEBUG\TRIPLE.PDB
C:\Users\Amir\Documents\Visual Studio 2010\Projects\Triple_final\Debug\Triple_manifest.rc
C:\Users\Amir\Documents\Visual Studio 2010\Projects\Triple_final\Debug\vc100.idb
C:\USERS\AMIR\DOCUMENTS\VISUAL STUDIO 2010\PROJECTS\TRIPLE_FINAL\DEBUG\VC100.PDB
